[debug] [2025-07-15T02:48:55.884Z] ----------------------------------------------------------------------
[debug] [2025-07-15T02:48:55.890Z] Command:       C:\Program Files\nodejs\node.exe C:\Users\greko\AppData\Roaming\npm\node_modules\firebase-tools\lib\bin\firebase.js init
[debug] [2025-07-15T02:48:55.891Z] CLI Version:   14.10.1
[debug] [2025-07-15T02:48:55.891Z] Platform:      win32
[debug] [2025-07-15T02:48:55.891Z] Node Version:  v22.17.0
[debug] [2025-07-15T02:48:55.892Z] Time:          Mon Jul 14 2025 21:48:55 GMT-0500 (hora estándar de Colombia)
[debug] [2025-07-15T02:48:55.893Z] ----------------------------------------------------------------------
[debug] 
[debug] [2025-07-15T02:48:55.910Z] > command requires scopes: ["email","openid","https://www.googleapis.com/auth/cloudplatformprojects.readonly","https://www.googleapis.com/auth/firebase","https://www.googleapis.com/auth/cloud-platform"]
[debug] [2025-07-15T02:48:55.911Z] > authorizing via signed-in user (gregory.gonzalez@correounivalle.edu.co)
[info] 
     ######## #### ########  ######## ########     ###     ######  ########
     ##        ##  ##     ## ##       ##     ##  ##   ##  ##       ##
     ######    ##  ########  ######   ########  #########  ######  ######
     ##        ##  ##    ##  ##       ##     ## ##     ##       ## ##
     ##       #### ##     ## ######## ########  ##     ##  ######  ########

You're about to initialize a Firebase project in this directory:

  C:\Users\greko\OneDrive\Documentos\GitHub\frontend-web

[debug] [2025-07-15T02:50:26.128Z] ExitPromptError: User force closed the prompt with SIGINT
    at Interface.sigint (C:\Users\greko\AppData\Roaming\npm\node_modules\firebase-tools\node_modules\@inquirer\core\dist\commonjs\lib\create-prompt.js:101:37)
    at Interface.emit (node:events:518:28)
    at Interface.emit (node:domain:489:12)
    at [_ttyWrite] [as _ttyWrite] (node:internal/readline/interface:1132:18)
    at ReadStream.onkeypress (node:internal/readline/interface:271:20)
    at ReadStream.emit (node:events:530:35)
    at ReadStream.emit (node:domain:489:12)
    at emitKeys (node:internal/readline/utils:370:14)
    at emitKeys.next (<anonymous>)
    at ReadStream.onData (node:internal/readline/emitKeypressEvents:64:36)
[error] 
[error] Error: An unexpected error has occurred.
